<?xml version="1.0" encoding="UTF-8"?>
<!-- Generated by org.testng.reporters.JUnitReportReporter -->
<testsuite hostname="Andrea" failures="0" tests="1" name="tests.TestLoja" time="30.203" errors="0" timestamp="2024-11-23T18:22:39 BRT" skipped="0">
  <testcase classname="tests.TestLoja" name="testFluxoLoja" time="30.203"/>
</testsuite> <!-- tests.TestLoja -->
