<?xml version="1.0" encoding="UTF-8"?>
<!-- Generated by org.testng.reporters.JUnitReportReporter -->
<testsuite hostname="Andrea" failures="0" tests="2" name="tests.TestRegister" time="27.994" errors="0" timestamp="2024-11-23T18:22:39 BRT" skipped="0">
  <testcase classname="tests.TestRegister" name="registerUser" time="22.074"/>
  <testcase classname="tests.TestRegister" name="testHomePageTitle" time="5.920"/>
</testsuite> <!-- tests.TestRegister -->
