<?xml version="1.0" encoding="UTF-8"?>
<!-- Generated by org.testng.reporters.JUnitReportReporter -->
<testsuite hostname="Andrea" failures="0" tests="1" name="tests.TestBase" time="8.022" errors="0" timestamp="2024-11-23T18:22:39 BRT" skipped="0">
  <testcase classname="tests.TestBase" name="testHomePageTitle" time="8.022"/>
</testsuite> <!-- tests.TestBase -->
