<?xml version="1.0" encoding="UTF-8"?>
<!-- Generated by org.testng.reporters.JUnitReportReporter -->
<testsuite hostname="Andrea" failures="0" tests="2" name="tests.TestRegister" time="45.942" errors="0" timestamp="2024-11-22T23:12:16 BRT" skipped="0">
  <testcase classname="tests.TestRegister" name="registerUser" time="36.205"/>
  <testcase classname="tests.TestRegister" name="testHomePageTitle" time="9.737"/>
</testsuite> <!-- tests.TestRegister -->
