<?xml version="1.0" encoding="UTF-8"?>
<!-- Generated by org.testng.reporters.JUnitReportReporter -->
<testsuite hostname="Andrea" failures="0" tests="1" name="tests.TestLoja" time="37.735" errors="0" timestamp="2024-11-22T23:12:16 BRT" skipped="0">
  <testcase classname="tests.TestLoja" name="testFluxoLoja" time="37.735"/>
</testsuite> <!-- tests.TestLoja -->
